   0  $accept : programa $end

   1  programa : listaDeclaraciones

   2  listaDeclaraciones :
   3                     | listaDeclaraciones declaracion

   4  declaracion : declaracionVariable
   5              | declaracionFuncion
   6              | declaracionProcedimiento
   7              | declaracionStruct

   8  declaracionFuncion : FUNCTION IDENT '(' parametrosFuncion ')' AS tipo listaDeclaracionesVariable listaSentencias END FUNCTION ';'

   9  declaracionStruct : TYPE IDENT listaDeclaracionesCampo END TYPE ';'

  10  declaracionProcedimiento : PROC IDENT '(' parametrosFuncion ')' listaDeclaracionesVariable listaSentencias END PROC ';'

  11  declaracionVariable : DIM IDENT AS tipo ';'
  12                      | DIM IDENT listaDimensiones AS tipo ';'

  13  declaracionCampo : IDENT AS tipo ';'
  14                   | IDENT listaDimensiones AS tipo ';'

  15  listaDimensiones : '[' CTE_ENTERA ']'
  16                   | listaDimensiones '[' CTE_ENTERA ']'

  17  listaDeclaracionesVariable :
  18                             | listaDeclaracionesVariable declaracionVariable

  19  listaDeclaracionesCampo :
  20                          | listaDeclaracionesCampo declaracionCampo

  21  listaSentencias :
  22                  | listaSentencias sentencia

  23  sentencia : PRINT expresion ';'
  24            | WHILE expresion DO listaSentencias END WHILE ';'
  25            | IF expresion THEN listaSentencias ELSE listaSentencias END IF ';'
  26            | IF expresion THEN listaSentencias END IF ';'
  27            | RETURN expresion ';'
  28            | RETURN ';'
  29            | IDENT '(' parametrosLlamada ')' ';'
  30            | READ expresion ';'
  31            | expresion '=' expresion ';'

  32  parametrosLlamada :
  33                    | parametroLlamada

  34  parametroLlamada : expresion
  35                   | parametroLlamada ',' expresion

  36  parametrosFuncion :
  37                    | parametroFuncion

  38  parametroFuncion : IDENT AS tipo
  39                   | parametroFuncion ',' IDENT AS tipo

  40  expresion : CTE_ENTERA
  41            | CTE_CHAR
  42            | CTE_REAL
  43            | expresion '+' expresion
  44            | expresion '-' expresion
  45            | expresion '*' expresion
  46            | expresion '/' expresion
  47            | expresion '>' expresion
  48            | expresion '<' expresion
  49            | expresion MAYORIGUAL expresion
  50            | expresion MENORIGUAL expresion
  51            | expresion AND expresion
  52            | expresion OR expresion
  53            | expresion DISTINTO expresion
  54            | expresion IGUAL expresion
  55            | expresion listaDimensionesAcceso
  56            | expresion '.' IDENT
  57            | '(' expresion ')'
  58            | IDENT '(' parametrosLlamada ')'
  59            | CTYPE '(' tipo ',' expresion ')'
  60            | IDENT
  61            | NOT expresion

  62  listaDimensionesAcceso : '[' expresion ']'
  63                         | listaDimensionesAcceso '[' expresion ']'

  64  tipo : INTEGER
  65       | CHARACTER
  66       | REAL
  67       | IDENT

state 0
	$accept : . programa $end  (0)
	listaDeclaraciones : .  (2)

	.  reduce 2

	programa  goto 1
	listaDeclaraciones  goto 2


state 1
	$accept : programa . $end  (0)

	$end  accept


state 2
	programa : listaDeclaraciones .  (1)
	listaDeclaraciones : listaDeclaraciones . declaracion  (3)

	DIM  shift 3
	FUNCTION  shift 4
	PROC  shift 5
	TYPE  shift 6
	$end  reduce 1

	declaracion  goto 7
	declaracionVariable  goto 8
	declaracionFuncion  goto 9
	declaracionProcedimiento  goto 10
	declaracionStruct  goto 11


state 3
	declaracionVariable : DIM . IDENT AS tipo ';'  (11)
	declaracionVariable : DIM . IDENT listaDimensiones AS tipo ';'  (12)

	IDENT  shift 12
	.  error


state 4
	declaracionFuncion : FUNCTION . IDENT '(' parametrosFuncion ')' AS tipo listaDeclaracionesVariable listaSentencias END FUNCTION ';'  (8)

	IDENT  shift 13
	.  error


state 5
	declaracionProcedimiento : PROC . IDENT '(' parametrosFuncion ')' listaDeclaracionesVariable listaSentencias END PROC ';'  (10)

	IDENT  shift 14
	.  error


state 6
	declaracionStruct : TYPE . IDENT listaDeclaracionesCampo END TYPE ';'  (9)

	IDENT  shift 15
	.  error


state 7
	listaDeclaraciones : listaDeclaraciones declaracion .  (3)

	.  reduce 3


state 8
	declaracion : declaracionVariable .  (4)

	.  reduce 4


state 9
	declaracion : declaracionFuncion .  (5)

	.  reduce 5


state 10
	declaracion : declaracionProcedimiento .  (6)

	.  reduce 6


state 11
	declaracion : declaracionStruct .  (7)

	.  reduce 7


state 12
	declaracionVariable : DIM IDENT . AS tipo ';'  (11)
	declaracionVariable : DIM IDENT . listaDimensiones AS tipo ';'  (12)

	AS  shift 16
	'['  shift 17
	.  error

	listaDimensiones  goto 18


state 13
	declaracionFuncion : FUNCTION IDENT . '(' parametrosFuncion ')' AS tipo listaDeclaracionesVariable listaSentencias END FUNCTION ';'  (8)

	'('  shift 19
	.  error


state 14
	declaracionProcedimiento : PROC IDENT . '(' parametrosFuncion ')' listaDeclaracionesVariable listaSentencias END PROC ';'  (10)

	'('  shift 20
	.  error


state 15
	declaracionStruct : TYPE IDENT . listaDeclaracionesCampo END TYPE ';'  (9)
	listaDeclaracionesCampo : .  (19)

	.  reduce 19

	listaDeclaracionesCampo  goto 21


state 16
	declaracionVariable : DIM IDENT AS . tipo ';'  (11)

	INTEGER  shift 22
	REAL  shift 23
	CHARACTER  shift 24
	IDENT  shift 25
	.  error

	tipo  goto 26


state 17
	listaDimensiones : '[' . CTE_ENTERA ']'  (15)

	CTE_ENTERA  shift 27
	.  error


state 18
	declaracionVariable : DIM IDENT listaDimensiones . AS tipo ';'  (12)
	listaDimensiones : listaDimensiones . '[' CTE_ENTERA ']'  (16)

	AS  shift 28
	'['  shift 29
	.  error


state 19
	declaracionFuncion : FUNCTION IDENT '(' . parametrosFuncion ')' AS tipo listaDeclaracionesVariable listaSentencias END FUNCTION ';'  (8)
	parametrosFuncion : .  (36)

	IDENT  shift 30
	')'  reduce 36

	parametrosFuncion  goto 31
	parametroFuncion  goto 32


state 20
	declaracionProcedimiento : PROC IDENT '(' . parametrosFuncion ')' listaDeclaracionesVariable listaSentencias END PROC ';'  (10)
	parametrosFuncion : .  (36)

	IDENT  shift 30
	')'  reduce 36

	parametrosFuncion  goto 33
	parametroFuncion  goto 32


state 21
	declaracionStruct : TYPE IDENT listaDeclaracionesCampo . END TYPE ';'  (9)
	listaDeclaracionesCampo : listaDeclaracionesCampo . declaracionCampo  (20)

	IDENT  shift 34
	END  shift 35
	.  error

	declaracionCampo  goto 36


state 22
	tipo : INTEGER .  (64)

	.  reduce 64


state 23
	tipo : REAL .  (66)

	.  reduce 66


state 24
	tipo : CHARACTER .  (65)

	.  reduce 65


state 25
	tipo : IDENT .  (67)

	.  reduce 67


state 26
	declaracionVariable : DIM IDENT AS tipo . ';'  (11)

	';'  shift 37
	.  error


state 27
	listaDimensiones : '[' CTE_ENTERA . ']'  (15)

	']'  shift 38
	.  error


state 28
	declaracionVariable : DIM IDENT listaDimensiones AS . tipo ';'  (12)

	INTEGER  shift 22
	REAL  shift 23
	CHARACTER  shift 24
	IDENT  shift 25
	.  error

	tipo  goto 39


state 29
	listaDimensiones : listaDimensiones '[' . CTE_ENTERA ']'  (16)

	CTE_ENTERA  shift 40
	.  error


state 30
	parametroFuncion : IDENT . AS tipo  (38)

	AS  shift 41
	.  error


state 31
	declaracionFuncion : FUNCTION IDENT '(' parametrosFuncion . ')' AS tipo listaDeclaracionesVariable listaSentencias END FUNCTION ';'  (8)

	')'  shift 42
	.  error


state 32
	parametrosFuncion : parametroFuncion .  (37)
	parametroFuncion : parametroFuncion . ',' IDENT AS tipo  (39)

	','  shift 43
	')'  reduce 37


state 33
	declaracionProcedimiento : PROC IDENT '(' parametrosFuncion . ')' listaDeclaracionesVariable listaSentencias END PROC ';'  (10)

	')'  shift 44
	.  error


state 34
	declaracionCampo : IDENT . AS tipo ';'  (13)
	declaracionCampo : IDENT . listaDimensiones AS tipo ';'  (14)

	AS  shift 45
	'['  shift 17
	.  error

	listaDimensiones  goto 46


state 35
	declaracionStruct : TYPE IDENT listaDeclaracionesCampo END . TYPE ';'  (9)

	TYPE  shift 47
	.  error


state 36
	listaDeclaracionesCampo : listaDeclaracionesCampo declaracionCampo .  (20)

	.  reduce 20


state 37
	declaracionVariable : DIM IDENT AS tipo ';' .  (11)

	.  reduce 11


state 38
	listaDimensiones : '[' CTE_ENTERA ']' .  (15)

	.  reduce 15


state 39
	declaracionVariable : DIM IDENT listaDimensiones AS tipo . ';'  (12)

	';'  shift 48
	.  error


state 40
	listaDimensiones : listaDimensiones '[' CTE_ENTERA . ']'  (16)

	']'  shift 49
	.  error


state 41
	parametroFuncion : IDENT AS . tipo  (38)

	INTEGER  shift 22
	REAL  shift 23
	CHARACTER  shift 24
	IDENT  shift 25
	.  error

	tipo  goto 50


state 42
	declaracionFuncion : FUNCTION IDENT '(' parametrosFuncion ')' . AS tipo listaDeclaracionesVariable listaSentencias END FUNCTION ';'  (8)

	AS  shift 51
	.  error


state 43
	parametroFuncion : parametroFuncion ',' . IDENT AS tipo  (39)

	IDENT  shift 52
	.  error


state 44
	declaracionProcedimiento : PROC IDENT '(' parametrosFuncion ')' . listaDeclaracionesVariable listaSentencias END PROC ';'  (10)
	listaDeclaracionesVariable : .  (17)

	.  reduce 17

	listaDeclaracionesVariable  goto 53


state 45
	declaracionCampo : IDENT AS . tipo ';'  (13)

	INTEGER  shift 22
	REAL  shift 23
	CHARACTER  shift 24
	IDENT  shift 25
	.  error

	tipo  goto 54


state 46
	declaracionCampo : IDENT listaDimensiones . AS tipo ';'  (14)
	listaDimensiones : listaDimensiones . '[' CTE_ENTERA ']'  (16)

	AS  shift 55
	'['  shift 29
	.  error


state 47
	declaracionStruct : TYPE IDENT listaDeclaracionesCampo END TYPE . ';'  (9)

	';'  shift 56
	.  error


state 48
	declaracionVariable : DIM IDENT listaDimensiones AS tipo ';' .  (12)

	.  reduce 12


state 49
	listaDimensiones : listaDimensiones '[' CTE_ENTERA ']' .  (16)

	.  reduce 16


state 50
	parametroFuncion : IDENT AS tipo .  (38)

	.  reduce 38


state 51
	declaracionFuncion : FUNCTION IDENT '(' parametrosFuncion ')' AS . tipo listaDeclaracionesVariable listaSentencias END FUNCTION ';'  (8)

	INTEGER  shift 22
	REAL  shift 23
	CHARACTER  shift 24
	IDENT  shift 25
	.  error

	tipo  goto 57


state 52
	parametroFuncion : parametroFuncion ',' IDENT . AS tipo  (39)

	AS  shift 58
	.  error


state 53
	declaracionProcedimiento : PROC IDENT '(' parametrosFuncion ')' listaDeclaracionesVariable . listaSentencias END PROC ';'  (10)
	listaDeclaracionesVariable : listaDeclaracionesVariable . declaracionVariable  (18)
	listaSentencias : .  (21)

	DIM  shift 3
	CTE_ENTERA  reduce 21
	CTE_REAL  reduce 21
	CTE_CHAR  reduce 21
	IDENT  reduce 21
	PRINT  reduce 21
	IF  reduce 21
	WHILE  reduce 21
	RETURN  reduce 21
	END  reduce 21
	READ  reduce 21
	NOT  reduce 21
	CTYPE  reduce 21
	'('  reduce 21

	declaracionVariable  goto 59
	listaSentencias  goto 60


state 54
	declaracionCampo : IDENT AS tipo . ';'  (13)

	';'  shift 61
	.  error


state 55
	declaracionCampo : IDENT listaDimensiones AS . tipo ';'  (14)

	INTEGER  shift 22
	REAL  shift 23
	CHARACTER  shift 24
	IDENT  shift 25
	.  error

	tipo  goto 62


state 56
	declaracionStruct : TYPE IDENT listaDeclaracionesCampo END TYPE ';' .  (9)

	.  reduce 9


state 57
	declaracionFuncion : FUNCTION IDENT '(' parametrosFuncion ')' AS tipo . listaDeclaracionesVariable listaSentencias END FUNCTION ';'  (8)
	listaDeclaracionesVariable : .  (17)

	.  reduce 17

	listaDeclaracionesVariable  goto 63


state 58
	parametroFuncion : parametroFuncion ',' IDENT AS . tipo  (39)

	INTEGER  shift 22
	REAL  shift 23
	CHARACTER  shift 24
	IDENT  shift 25
	.  error

	tipo  goto 64


state 59
	listaDeclaracionesVariable : listaDeclaracionesVariable declaracionVariable .  (18)

	.  reduce 18


state 60
	declaracionProcedimiento : PROC IDENT '(' parametrosFuncion ')' listaDeclaracionesVariable listaSentencias . END PROC ';'  (10)
	listaSentencias : listaSentencias . sentencia  (22)

	CTE_ENTERA  shift 65
	CTE_REAL  shift 66
	CTE_CHAR  shift 67
	IDENT  shift 68
	PRINT  shift 69
	IF  shift 70
	WHILE  shift 71
	RETURN  shift 72
	END  shift 73
	READ  shift 74
	NOT  shift 75
	CTYPE  shift 76
	'('  shift 77
	.  error

	sentencia  goto 78
	expresion  goto 79


state 61
	declaracionCampo : IDENT AS tipo ';' .  (13)

	.  reduce 13


state 62
	declaracionCampo : IDENT listaDimensiones AS tipo . ';'  (14)

	';'  shift 80
	.  error


state 63
	declaracionFuncion : FUNCTION IDENT '(' parametrosFuncion ')' AS tipo listaDeclaracionesVariable . listaSentencias END FUNCTION ';'  (8)
	listaDeclaracionesVariable : listaDeclaracionesVariable . declaracionVariable  (18)
	listaSentencias : .  (21)

	DIM  shift 3
	CTE_ENTERA  reduce 21
	CTE_REAL  reduce 21
	CTE_CHAR  reduce 21
	IDENT  reduce 21
	PRINT  reduce 21
	IF  reduce 21
	WHILE  reduce 21
	RETURN  reduce 21
	END  reduce 21
	READ  reduce 21
	NOT  reduce 21
	CTYPE  reduce 21
	'('  reduce 21

	declaracionVariable  goto 59
	listaSentencias  goto 81


state 64
	parametroFuncion : parametroFuncion ',' IDENT AS tipo .  (39)

	.  reduce 39


state 65
	expresion : CTE_ENTERA .  (40)

	.  reduce 40


state 66
	expresion : CTE_REAL .  (42)

	.  reduce 42


state 67
	expresion : CTE_CHAR .  (41)

	.  reduce 41


state 68
	sentencia : IDENT . '(' parametrosLlamada ')' ';'  (29)
	expresion : IDENT . '(' parametrosLlamada ')'  (58)
	expresion : IDENT .  (60)

	'('  shift 82
	MAYORIGUAL  reduce 60
	MENORIGUAL  reduce 60
	IGUAL  reduce 60
	AND  reduce 60
	OR  reduce 60
	DISTINTO  reduce 60
	'='  reduce 60
	'>'  reduce 60
	'<'  reduce 60
	'+'  reduce 60
	'-'  reduce 60
	'*'  reduce 60
	'/'  reduce 60
	'['  reduce 60
	'.'  reduce 60


state 69
	sentencia : PRINT . expresion ';'  (23)

	CTE_ENTERA  shift 65
	CTE_REAL  shift 66
	CTE_CHAR  shift 67
	IDENT  shift 83
	NOT  shift 75
	CTYPE  shift 76
	'('  shift 77
	.  error

	expresion  goto 84


state 70
	sentencia : IF . expresion THEN listaSentencias ELSE listaSentencias END IF ';'  (25)
	sentencia : IF . expresion THEN listaSentencias END IF ';'  (26)

	CTE_ENTERA  shift 65
	CTE_REAL  shift 66
	CTE_CHAR  shift 67
	IDENT  shift 83
	NOT  shift 75
	CTYPE  shift 76
	'('  shift 77
	.  error

	expresion  goto 85


state 71
	sentencia : WHILE . expresion DO listaSentencias END WHILE ';'  (24)

	CTE_ENTERA  shift 65
	CTE_REAL  shift 66
	CTE_CHAR  shift 67
	IDENT  shift 83
	NOT  shift 75
	CTYPE  shift 76
	'('  shift 77
	.  error

	expresion  goto 86


state 72
	sentencia : RETURN . expresion ';'  (27)
	sentencia : RETURN . ';'  (28)

	CTE_ENTERA  shift 65
	CTE_REAL  shift 66
	CTE_CHAR  shift 67
	IDENT  shift 83
	NOT  shift 75
	CTYPE  shift 76
	'('  shift 77
	';'  shift 87
	.  error

	expresion  goto 88


state 73
	declaracionProcedimiento : PROC IDENT '(' parametrosFuncion ')' listaDeclaracionesVariable listaSentencias END . PROC ';'  (10)

	PROC  shift 89
	.  error


state 74
	sentencia : READ . expresion ';'  (30)

	CTE_ENTERA  shift 65
	CTE_REAL  shift 66
	CTE_CHAR  shift 67
	IDENT  shift 83
	NOT  shift 75
	CTYPE  shift 76
	'('  shift 77
	.  error

	expresion  goto 90


state 75
	expresion : NOT . expresion  (61)

	CTE_ENTERA  shift 65
	CTE_REAL  shift 66
	CTE_CHAR  shift 67
	IDENT  shift 83
	NOT  shift 75
	CTYPE  shift 76
	'('  shift 77
	.  error

	expresion  goto 91


state 76
	expresion : CTYPE . '(' tipo ',' expresion ')'  (59)

	'('  shift 92
	.  error


state 77
	expresion : '(' . expresion ')'  (57)

	CTE_ENTERA  shift 65
	CTE_REAL  shift 66
	CTE_CHAR  shift 67
	IDENT  shift 83
	NOT  shift 75
	CTYPE  shift 76
	'('  shift 77
	.  error

	expresion  goto 93


state 78
	listaSentencias : listaSentencias sentencia .  (22)

	.  reduce 22


state 79
	sentencia : expresion . '=' expresion ';'  (31)
	expresion : expresion . '+' expresion  (43)
	expresion : expresion . '-' expresion  (44)
	expresion : expresion . '*' expresion  (45)
	expresion : expresion . '/' expresion  (46)
	expresion : expresion . '>' expresion  (47)
	expresion : expresion . '<' expresion  (48)
	expresion : expresion . MAYORIGUAL expresion  (49)
	expresion : expresion . MENORIGUAL expresion  (50)
	expresion : expresion . AND expresion  (51)
	expresion : expresion . OR expresion  (52)
	expresion : expresion . DISTINTO expresion  (53)
	expresion : expresion . IGUAL expresion  (54)
	expresion : expresion . listaDimensionesAcceso  (55)
	expresion : expresion . '.' IDENT  (56)

	MAYORIGUAL  shift 94
	MENORIGUAL  shift 95
	IGUAL  shift 96
	AND  shift 97
	OR  shift 98
	DISTINTO  shift 99
	'='  shift 100
	'>'  shift 101
	'<'  shift 102
	'+'  shift 103
	'-'  shift 104
	'*'  shift 105
	'/'  shift 106
	'['  shift 107
	'.'  shift 108
	.  error

	listaDimensionesAcceso  goto 109


state 80
	declaracionCampo : IDENT listaDimensiones AS tipo ';' .  (14)

	.  reduce 14


state 81
	declaracionFuncion : FUNCTION IDENT '(' parametrosFuncion ')' AS tipo listaDeclaracionesVariable listaSentencias . END FUNCTION ';'  (8)
	listaSentencias : listaSentencias . sentencia  (22)

	CTE_ENTERA  shift 65
	CTE_REAL  shift 66
	CTE_CHAR  shift 67
	IDENT  shift 68
	PRINT  shift 69
	IF  shift 70
	WHILE  shift 71
	RETURN  shift 72
	END  shift 110
	READ  shift 74
	NOT  shift 75
	CTYPE  shift 76
	'('  shift 77
	.  error

	sentencia  goto 78
	expresion  goto 79


state 82
	sentencia : IDENT '(' . parametrosLlamada ')' ';'  (29)
	expresion : IDENT '(' . parametrosLlamada ')'  (58)
	parametrosLlamada : .  (32)

	CTE_ENTERA  shift 65
	CTE_REAL  shift 66
	CTE_CHAR  shift 67
	IDENT  shift 83
	NOT  shift 75
	CTYPE  shift 76
	'('  shift 77
	')'  reduce 32

	expresion  goto 111
	parametrosLlamada  goto 112
	parametroLlamada  goto 113


state 83
	expresion : IDENT . '(' parametrosLlamada ')'  (58)
	expresion : IDENT .  (60)

	'('  shift 114
	MAYORIGUAL  reduce 60
	MENORIGUAL  reduce 60
	IGUAL  reduce 60
	DO  reduce 60
	THEN  reduce 60
	AND  reduce 60
	OR  reduce 60
	DISTINTO  reduce 60
	'='  reduce 60
	'>'  reduce 60
	'<'  reduce 60
	'+'  reduce 60
	'-'  reduce 60
	'*'  reduce 60
	'/'  reduce 60
	'['  reduce 60
	']'  reduce 60
	')'  reduce 60
	'.'  reduce 60
	';'  reduce 60
	','  reduce 60


state 84
	sentencia : PRINT expresion . ';'  (23)
	expresion : expresion . '+' expresion  (43)
	expresion : expresion . '-' expresion  (44)
	expresion : expresion . '*' expresion  (45)
	expresion : expresion . '/' expresion  (46)
	expresion : expresion . '>' expresion  (47)
	expresion : expresion . '<' expresion  (48)
	expresion : expresion . MAYORIGUAL expresion  (49)
	expresion : expresion . MENORIGUAL expresion  (50)
	expresion : expresion . AND expresion  (51)
	expresion : expresion . OR expresion  (52)
	expresion : expresion . DISTINTO expresion  (53)
	expresion : expresion . IGUAL expresion  (54)
	expresion : expresion . listaDimensionesAcceso  (55)
	expresion : expresion . '.' IDENT  (56)

	MAYORIGUAL  shift 94
	MENORIGUAL  shift 95
	IGUAL  shift 96
	AND  shift 97
	OR  shift 98
	DISTINTO  shift 99
	'>'  shift 101
	'<'  shift 102
	'+'  shift 103
	'-'  shift 104
	'*'  shift 105
	'/'  shift 106
	'['  shift 107
	'.'  shift 108
	';'  shift 115
	.  error

	listaDimensionesAcceso  goto 109


state 85
	sentencia : IF expresion . THEN listaSentencias ELSE listaSentencias END IF ';'  (25)
	sentencia : IF expresion . THEN listaSentencias END IF ';'  (26)
	expresion : expresion . '+' expresion  (43)
	expresion : expresion . '-' expresion  (44)
	expresion : expresion . '*' expresion  (45)
	expresion : expresion . '/' expresion  (46)
	expresion : expresion . '>' expresion  (47)
	expresion : expresion . '<' expresion  (48)
	expresion : expresion . MAYORIGUAL expresion  (49)
	expresion : expresion . MENORIGUAL expresion  (50)
	expresion : expresion . AND expresion  (51)
	expresion : expresion . OR expresion  (52)
	expresion : expresion . DISTINTO expresion  (53)
	expresion : expresion . IGUAL expresion  (54)
	expresion : expresion . listaDimensionesAcceso  (55)
	expresion : expresion . '.' IDENT  (56)

	MAYORIGUAL  shift 94
	MENORIGUAL  shift 95
	IGUAL  shift 96
	THEN  shift 116
	AND  shift 97
	OR  shift 98
	DISTINTO  shift 99
	'>'  shift 101
	'<'  shift 102
	'+'  shift 103
	'-'  shift 104
	'*'  shift 105
	'/'  shift 106
	'['  shift 107
	'.'  shift 108
	.  error

	listaDimensionesAcceso  goto 109


state 86
	sentencia : WHILE expresion . DO listaSentencias END WHILE ';'  (24)
	expresion : expresion . '+' expresion  (43)
	expresion : expresion . '-' expresion  (44)
	expresion : expresion . '*' expresion  (45)
	expresion : expresion . '/' expresion  (46)
	expresion : expresion . '>' expresion  (47)
	expresion : expresion . '<' expresion  (48)
	expresion : expresion . MAYORIGUAL expresion  (49)
	expresion : expresion . MENORIGUAL expresion  (50)
	expresion : expresion . AND expresion  (51)
	expresion : expresion . OR expresion  (52)
	expresion : expresion . DISTINTO expresion  (53)
	expresion : expresion . IGUAL expresion  (54)
	expresion : expresion . listaDimensionesAcceso  (55)
	expresion : expresion . '.' IDENT  (56)

	MAYORIGUAL  shift 94
	MENORIGUAL  shift 95
	IGUAL  shift 96
	DO  shift 117
	AND  shift 97
	OR  shift 98
	DISTINTO  shift 99
	'>'  shift 101
	'<'  shift 102
	'+'  shift 103
	'-'  shift 104
	'*'  shift 105
	'/'  shift 106
	'['  shift 107
	'.'  shift 108
	.  error

	listaDimensionesAcceso  goto 109


state 87
	sentencia : RETURN ';' .  (28)

	.  reduce 28


state 88
	sentencia : RETURN expresion . ';'  (27)
	expresion : expresion . '+' expresion  (43)
	expresion : expresion . '-' expresion  (44)
	expresion : expresion . '*' expresion  (45)
	expresion : expresion . '/' expresion  (46)
	expresion : expresion . '>' expresion  (47)
	expresion : expresion . '<' expresion  (48)
	expresion : expresion . MAYORIGUAL expresion  (49)
	expresion : expresion . MENORIGUAL expresion  (50)
	expresion : expresion . AND expresion  (51)
	expresion : expresion . OR expresion  (52)
	expresion : expresion . DISTINTO expresion  (53)
	expresion : expresion . IGUAL expresion  (54)
	expresion : expresion . listaDimensionesAcceso  (55)
	expresion : expresion . '.' IDENT  (56)

	MAYORIGUAL  shift 94
	MENORIGUAL  shift 95
	IGUAL  shift 96
	AND  shift 97
	OR  shift 98
	DISTINTO  shift 99
	'>'  shift 101
	'<'  shift 102
	'+'  shift 103
	'-'  shift 104
	'*'  shift 105
	'/'  shift 106
	'['  shift 107
	'.'  shift 108
	';'  shift 118
	.  error

	listaDimensionesAcceso  goto 109


state 89
	declaracionProcedimiento : PROC IDENT '(' parametrosFuncion ')' listaDeclaracionesVariable listaSentencias END PROC . ';'  (10)

	';'  shift 119
	.  error


state 90
	sentencia : READ expresion . ';'  (30)
	expresion : expresion . '+' expresion  (43)
	expresion : expresion . '-' expresion  (44)
	expresion : expresion . '*' expresion  (45)
	expresion : expresion . '/' expresion  (46)
	expresion : expresion . '>' expresion  (47)
	expresion : expresion . '<' expresion  (48)
	expresion : expresion . MAYORIGUAL expresion  (49)
	expresion : expresion . MENORIGUAL expresion  (50)
	expresion : expresion . AND expresion  (51)
	expresion : expresion . OR expresion  (52)
	expresion : expresion . DISTINTO expresion  (53)
	expresion : expresion . IGUAL expresion  (54)
	expresion : expresion . listaDimensionesAcceso  (55)
	expresion : expresion . '.' IDENT  (56)

	MAYORIGUAL  shift 94
	MENORIGUAL  shift 95
	IGUAL  shift 96
	AND  shift 97
	OR  shift 98
	DISTINTO  shift 99
	'>'  shift 101
	'<'  shift 102
	'+'  shift 103
	'-'  shift 104
	'*'  shift 105
	'/'  shift 106
	'['  shift 107
	'.'  shift 108
	';'  shift 120
	.  error

	listaDimensionesAcceso  goto 109


state 91
	expresion : expresion . '+' expresion  (43)
	expresion : expresion . '-' expresion  (44)
	expresion : expresion . '*' expresion  (45)
	expresion : expresion . '/' expresion  (46)
	expresion : expresion . '>' expresion  (47)
	expresion : expresion . '<' expresion  (48)
	expresion : expresion . MAYORIGUAL expresion  (49)
	expresion : expresion . MENORIGUAL expresion  (50)
	expresion : expresion . AND expresion  (51)
	expresion : expresion . OR expresion  (52)
	expresion : expresion . DISTINTO expresion  (53)
	expresion : expresion . IGUAL expresion  (54)
	expresion : expresion . listaDimensionesAcceso  (55)
	expresion : expresion . '.' IDENT  (56)
	expresion : NOT expresion .  (61)

	MAYORIGUAL  shift 94
	MENORIGUAL  shift 95
	IGUAL  shift 96
	DISTINTO  shift 99
	'>'  shift 101
	'<'  shift 102
	'+'  shift 103
	'-'  shift 104
	'*'  shift 105
	'/'  shift 106
	'['  shift 107
	'.'  shift 108
	DO  reduce 61
	THEN  reduce 61
	AND  reduce 61
	OR  reduce 61
	'='  reduce 61
	']'  reduce 61
	')'  reduce 61
	';'  reduce 61
	','  reduce 61

	listaDimensionesAcceso  goto 109


state 92
	expresion : CTYPE '(' . tipo ',' expresion ')'  (59)

	INTEGER  shift 22
	REAL  shift 23
	CHARACTER  shift 24
	IDENT  shift 25
	.  error

	tipo  goto 121


state 93
	expresion : expresion . '+' expresion  (43)
	expresion : expresion . '-' expresion  (44)
	expresion : expresion . '*' expresion  (45)
	expresion : expresion . '/' expresion  (46)
	expresion : expresion . '>' expresion  (47)
	expresion : expresion . '<' expresion  (48)
	expresion : expresion . MAYORIGUAL expresion  (49)
	expresion : expresion . MENORIGUAL expresion  (50)
	expresion : expresion . AND expresion  (51)
	expresion : expresion . OR expresion  (52)
	expresion : expresion . DISTINTO expresion  (53)
	expresion : expresion . IGUAL expresion  (54)
	expresion : expresion . listaDimensionesAcceso  (55)
	expresion : expresion . '.' IDENT  (56)
	expresion : '(' expresion . ')'  (57)

	MAYORIGUAL  shift 94
	MENORIGUAL  shift 95
	IGUAL  shift 96
	AND  shift 97
	OR  shift 98
	DISTINTO  shift 99
	'>'  shift 101
	'<'  shift 102
	'+'  shift 103
	'-'  shift 104
	'*'  shift 105
	'/'  shift 106
	'['  shift 107
	')'  shift 122
	'.'  shift 108
	.  error

	listaDimensionesAcceso  goto 109


state 94
	expresion : expresion MAYORIGUAL . expresion  (49)

	CTE_ENTERA  shift 65
	CTE_REAL  shift 66
	CTE_CHAR  shift 67
	IDENT  shift 83
	NOT  shift 75
	CTYPE  shift 76
	'('  shift 77
	.  error

	expresion  goto 123


state 95
	expresion : expresion MENORIGUAL . expresion  (50)

	CTE_ENTERA  shift 65
	CTE_REAL  shift 66
	CTE_CHAR  shift 67
	IDENT  shift 83
	NOT  shift 75
	CTYPE  shift 76
	'('  shift 77
	.  error

	expresion  goto 124


state 96
	expresion : expresion IGUAL . expresion  (54)

	CTE_ENTERA  shift 65
	CTE_REAL  shift 66
	CTE_CHAR  shift 67
	IDENT  shift 83
	NOT  shift 75
	CTYPE  shift 76
	'('  shift 77
	.  error

	expresion  goto 125


state 97
	expresion : expresion AND . expresion  (51)

	CTE_ENTERA  shift 65
	CTE_REAL  shift 66
	CTE_CHAR  shift 67
	IDENT  shift 83
	NOT  shift 75
	CTYPE  shift 76
	'('  shift 77
	.  error

	expresion  goto 126


state 98
	expresion : expresion OR . expresion  (52)

	CTE_ENTERA  shift 65
	CTE_REAL  shift 66
	CTE_CHAR  shift 67
	IDENT  shift 83
	NOT  shift 75
	CTYPE  shift 76
	'('  shift 77
	.  error

	expresion  goto 127


state 99
	expresion : expresion DISTINTO . expresion  (53)

	CTE_ENTERA  shift 65
	CTE_REAL  shift 66
	CTE_CHAR  shift 67
	IDENT  shift 83
	NOT  shift 75
	CTYPE  shift 76
	'('  shift 77
	.  error

	expresion  goto 128


state 100
	sentencia : expresion '=' . expresion ';'  (31)

	CTE_ENTERA  shift 65
	CTE_REAL  shift 66
	CTE_CHAR  shift 67
	IDENT  shift 83
	NOT  shift 75
	CTYPE  shift 76
	'('  shift 77
	.  error

	expresion  goto 129


state 101
	expresion : expresion '>' . expresion  (47)

	CTE_ENTERA  shift 65
	CTE_REAL  shift 66
	CTE_CHAR  shift 67
	IDENT  shift 83
	NOT  shift 75
	CTYPE  shift 76
	'('  shift 77
	.  error

	expresion  goto 130


state 102
	expresion : expresion '<' . expresion  (48)

	CTE_ENTERA  shift 65
	CTE_REAL  shift 66
	CTE_CHAR  shift 67
	IDENT  shift 83
	NOT  shift 75
	CTYPE  shift 76
	'('  shift 77
	.  error

	expresion  goto 131


state 103
	expresion : expresion '+' . expresion  (43)

	CTE_ENTERA  shift 65
	CTE_REAL  shift 66
	CTE_CHAR  shift 67
	IDENT  shift 83
	NOT  shift 75
	CTYPE  shift 76
	'('  shift 77
	.  error

	expresion  goto 132


state 104
	expresion : expresion '-' . expresion  (44)

	CTE_ENTERA  shift 65
	CTE_REAL  shift 66
	CTE_CHAR  shift 67
	IDENT  shift 83
	NOT  shift 75
	CTYPE  shift 76
	'('  shift 77
	.  error

	expresion  goto 133


state 105
	expresion : expresion '*' . expresion  (45)

	CTE_ENTERA  shift 65
	CTE_REAL  shift 66
	CTE_CHAR  shift 67
	IDENT  shift 83
	NOT  shift 75
	CTYPE  shift 76
	'('  shift 77
	.  error

	expresion  goto 134


state 106
	expresion : expresion '/' . expresion  (46)

	CTE_ENTERA  shift 65
	CTE_REAL  shift 66
	CTE_CHAR  shift 67
	IDENT  shift 83
	NOT  shift 75
	CTYPE  shift 76
	'('  shift 77
	.  error

	expresion  goto 135


state 107
	listaDimensionesAcceso : '[' . expresion ']'  (62)

	CTE_ENTERA  shift 65
	CTE_REAL  shift 66
	CTE_CHAR  shift 67
	IDENT  shift 83
	NOT  shift 75
	CTYPE  shift 76
	'('  shift 77
	.  error

	expresion  goto 136


state 108
	expresion : expresion '.' . IDENT  (56)

	IDENT  shift 137
	.  error


state 109
	expresion : expresion listaDimensionesAcceso .  (55)
	listaDimensionesAcceso : listaDimensionesAcceso . '[' expresion ']'  (63)

	'['  shift 138
	MAYORIGUAL  reduce 55
	MENORIGUAL  reduce 55
	IGUAL  reduce 55
	DO  reduce 55
	THEN  reduce 55
	AND  reduce 55
	OR  reduce 55
	DISTINTO  reduce 55
	'='  reduce 55
	'>'  reduce 55
	'<'  reduce 55
	'+'  reduce 55
	'-'  reduce 55
	'*'  reduce 55
	'/'  reduce 55
	']'  reduce 55
	')'  reduce 55
	'.'  reduce 55
	';'  reduce 55
	','  reduce 55


state 110
	declaracionFuncion : FUNCTION IDENT '(' parametrosFuncion ')' AS tipo listaDeclaracionesVariable listaSentencias END . FUNCTION ';'  (8)

	FUNCTION  shift 139
	.  error


state 111
	parametroLlamada : expresion .  (34)
	expresion : expresion . '+' expresion  (43)
	expresion : expresion . '-' expresion  (44)
	expresion : expresion . '*' expresion  (45)
	expresion : expresion . '/' expresion  (46)
	expresion : expresion . '>' expresion  (47)
	expresion : expresion . '<' expresion  (48)
	expresion : expresion . MAYORIGUAL expresion  (49)
	expresion : expresion . MENORIGUAL expresion  (50)
	expresion : expresion . AND expresion  (51)
	expresion : expresion . OR expresion  (52)
	expresion : expresion . DISTINTO expresion  (53)
	expresion : expresion . IGUAL expresion  (54)
	expresion : expresion . listaDimensionesAcceso  (55)
	expresion : expresion . '.' IDENT  (56)

	MAYORIGUAL  shift 94
	MENORIGUAL  shift 95
	IGUAL  shift 96
	AND  shift 97
	OR  shift 98
	DISTINTO  shift 99
	'>'  shift 101
	'<'  shift 102
	'+'  shift 103
	'-'  shift 104
	'*'  shift 105
	'/'  shift 106
	'['  shift 107
	'.'  shift 108
	')'  reduce 34
	','  reduce 34

	listaDimensionesAcceso  goto 109


state 112
	sentencia : IDENT '(' parametrosLlamada . ')' ';'  (29)
	expresion : IDENT '(' parametrosLlamada . ')'  (58)

	')'  shift 140
	.  error


state 113
	parametrosLlamada : parametroLlamada .  (33)
	parametroLlamada : parametroLlamada . ',' expresion  (35)

	','  shift 141
	')'  reduce 33


state 114
	expresion : IDENT '(' . parametrosLlamada ')'  (58)
	parametrosLlamada : .  (32)

	CTE_ENTERA  shift 65
	CTE_REAL  shift 66
	CTE_CHAR  shift 67
	IDENT  shift 83
	NOT  shift 75
	CTYPE  shift 76
	'('  shift 77
	')'  reduce 32

	expresion  goto 111
	parametrosLlamada  goto 142
	parametroLlamada  goto 113


state 115
	sentencia : PRINT expresion ';' .  (23)

	.  reduce 23


state 116
	sentencia : IF expresion THEN . listaSentencias ELSE listaSentencias END IF ';'  (25)
	sentencia : IF expresion THEN . listaSentencias END IF ';'  (26)
	listaSentencias : .  (21)

	.  reduce 21

	listaSentencias  goto 143


state 117
	sentencia : WHILE expresion DO . listaSentencias END WHILE ';'  (24)
	listaSentencias : .  (21)

	.  reduce 21

	listaSentencias  goto 144


state 118
	sentencia : RETURN expresion ';' .  (27)

	.  reduce 27


state 119
	declaracionProcedimiento : PROC IDENT '(' parametrosFuncion ')' listaDeclaracionesVariable listaSentencias END PROC ';' .  (10)

	.  reduce 10


state 120
	sentencia : READ expresion ';' .  (30)

	.  reduce 30


state 121
	expresion : CTYPE '(' tipo . ',' expresion ')'  (59)

	','  shift 145
	.  error


state 122
	expresion : '(' expresion ')' .  (57)

	.  reduce 57


state 123
	expresion : expresion . '+' expresion  (43)
	expresion : expresion . '-' expresion  (44)
	expresion : expresion . '*' expresion  (45)
	expresion : expresion . '/' expresion  (46)
	expresion : expresion . '>' expresion  (47)
	expresion : expresion . '<' expresion  (48)
	expresion : expresion . MAYORIGUAL expresion  (49)
	expresion : expresion MAYORIGUAL expresion .  (49)
	expresion : expresion . MENORIGUAL expresion  (50)
	expresion : expresion . AND expresion  (51)
	expresion : expresion . OR expresion  (52)
	expresion : expresion . DISTINTO expresion  (53)
	expresion : expresion . IGUAL expresion  (54)
	expresion : expresion . listaDimensionesAcceso  (55)
	expresion : expresion . '.' IDENT  (56)

	'+'  shift 103
	'-'  shift 104
	'*'  shift 105
	'/'  shift 106
	'['  shift 107
	'.'  shift 108
	MAYORIGUAL  reduce 49
	MENORIGUAL  reduce 49
	IGUAL  reduce 49
	DO  reduce 49
	THEN  reduce 49
	AND  reduce 49
	OR  reduce 49
	DISTINTO  reduce 49
	'='  reduce 49
	'>'  reduce 49
	'<'  reduce 49
	']'  reduce 49
	')'  reduce 49
	';'  reduce 49
	','  reduce 49

	listaDimensionesAcceso  goto 109


state 124
	expresion : expresion . '+' expresion  (43)
	expresion : expresion . '-' expresion  (44)
	expresion : expresion . '*' expresion  (45)
	expresion : expresion . '/' expresion  (46)
	expresion : expresion . '>' expresion  (47)
	expresion : expresion . '<' expresion  (48)
	expresion : expresion . MAYORIGUAL expresion  (49)
	expresion : expresion . MENORIGUAL expresion  (50)
	expresion : expresion MENORIGUAL expresion .  (50)
	expresion : expresion . AND expresion  (51)
	expresion : expresion . OR expresion  (52)
	expresion : expresion . DISTINTO expresion  (53)
	expresion : expresion . IGUAL expresion  (54)
	expresion : expresion . listaDimensionesAcceso  (55)
	expresion : expresion . '.' IDENT  (56)

	'+'  shift 103
	'-'  shift 104
	'*'  shift 105
	'/'  shift 106
	'['  shift 107
	'.'  shift 108
	MAYORIGUAL  reduce 50
	MENORIGUAL  reduce 50
	IGUAL  reduce 50
	DO  reduce 50
	THEN  reduce 50
	AND  reduce 50
	OR  reduce 50
	DISTINTO  reduce 50
	'='  reduce 50
	'>'  reduce 50
	'<'  reduce 50
	']'  reduce 50
	')'  reduce 50
	';'  reduce 50
	','  reduce 50

	listaDimensionesAcceso  goto 109


state 125
	expresion : expresion . '+' expresion  (43)
	expresion : expresion . '-' expresion  (44)
	expresion : expresion . '*' expresion  (45)
	expresion : expresion . '/' expresion  (46)
	expresion : expresion . '>' expresion  (47)
	expresion : expresion . '<' expresion  (48)
	expresion : expresion . MAYORIGUAL expresion  (49)
	expresion : expresion . MENORIGUAL expresion  (50)
	expresion : expresion . AND expresion  (51)
	expresion : expresion . OR expresion  (52)
	expresion : expresion . DISTINTO expresion  (53)
	expresion : expresion . IGUAL expresion  (54)
	expresion : expresion IGUAL expresion .  (54)
	expresion : expresion . listaDimensionesAcceso  (55)
	expresion : expresion . '.' IDENT  (56)

	'+'  shift 103
	'-'  shift 104
	'*'  shift 105
	'/'  shift 106
	'['  shift 107
	'.'  shift 108
	MAYORIGUAL  reduce 54
	MENORIGUAL  reduce 54
	IGUAL  reduce 54
	DO  reduce 54
	THEN  reduce 54
	AND  reduce 54
	OR  reduce 54
	DISTINTO  reduce 54
	'='  reduce 54
	'>'  reduce 54
	'<'  reduce 54
	']'  reduce 54
	')'  reduce 54
	';'  reduce 54
	','  reduce 54

	listaDimensionesAcceso  goto 109


state 126
	expresion : expresion . '+' expresion  (43)
	expresion : expresion . '-' expresion  (44)
	expresion : expresion . '*' expresion  (45)
	expresion : expresion . '/' expresion  (46)
	expresion : expresion . '>' expresion  (47)
	expresion : expresion . '<' expresion  (48)
	expresion : expresion . MAYORIGUAL expresion  (49)
	expresion : expresion . MENORIGUAL expresion  (50)
	expresion : expresion . AND expresion  (51)
	expresion : expresion AND expresion .  (51)
	expresion : expresion . OR expresion  (52)
	expresion : expresion . DISTINTO expresion  (53)
	expresion : expresion . IGUAL expresion  (54)
	expresion : expresion . listaDimensionesAcceso  (55)
	expresion : expresion . '.' IDENT  (56)

	MAYORIGUAL  shift 94
	MENORIGUAL  shift 95
	IGUAL  shift 96
	DISTINTO  shift 99
	'>'  shift 101
	'<'  shift 102
	'+'  shift 103
	'-'  shift 104
	'*'  shift 105
	'/'  shift 106
	'['  shift 107
	'.'  shift 108
	DO  reduce 51
	THEN  reduce 51
	AND  reduce 51
	OR  reduce 51
	'='  reduce 51
	']'  reduce 51
	')'  reduce 51
	';'  reduce 51
	','  reduce 51

	listaDimensionesAcceso  goto 109


state 127
	expresion : expresion . '+' expresion  (43)
	expresion : expresion . '-' expresion  (44)
	expresion : expresion . '*' expresion  (45)
	expresion : expresion . '/' expresion  (46)
	expresion : expresion . '>' expresion  (47)
	expresion : expresion . '<' expresion  (48)
	expresion : expresion . MAYORIGUAL expresion  (49)
	expresion : expresion . MENORIGUAL expresion  (50)
	expresion : expresion . AND expresion  (51)
	expresion : expresion . OR expresion  (52)
	expresion : expresion OR expresion .  (52)
	expresion : expresion . DISTINTO expresion  (53)
	expresion : expresion . IGUAL expresion  (54)
	expresion : expresion . listaDimensionesAcceso  (55)
	expresion : expresion . '.' IDENT  (56)

	MAYORIGUAL  shift 94
	MENORIGUAL  shift 95
	IGUAL  shift 96
	DISTINTO  shift 99
	'>'  shift 101
	'<'  shift 102
	'+'  shift 103
	'-'  shift 104
	'*'  shift 105
	'/'  shift 106
	'['  shift 107
	'.'  shift 108
	DO  reduce 52
	THEN  reduce 52
	AND  reduce 52
	OR  reduce 52
	'='  reduce 52
	']'  reduce 52
	')'  reduce 52
	';'  reduce 52
	','  reduce 52

	listaDimensionesAcceso  goto 109


state 128
	expresion : expresion . '+' expresion  (43)
	expresion : expresion . '-' expresion  (44)
	expresion : expresion . '*' expresion  (45)
	expresion : expresion . '/' expresion  (46)
	expresion : expresion . '>' expresion  (47)
	expresion : expresion . '<' expresion  (48)
	expresion : expresion . MAYORIGUAL expresion  (49)
	expresion : expresion . MENORIGUAL expresion  (50)
	expresion : expresion . AND expresion  (51)
	expresion : expresion . OR expresion  (52)
	expresion : expresion . DISTINTO expresion  (53)
	expresion : expresion DISTINTO expresion .  (53)
	expresion : expresion . IGUAL expresion  (54)
	expresion : expresion . listaDimensionesAcceso  (55)
	expresion : expresion . '.' IDENT  (56)

	'+'  shift 103
	'-'  shift 104
	'*'  shift 105
	'/'  shift 106
	'['  shift 107
	'.'  shift 108
	MAYORIGUAL  reduce 53
	MENORIGUAL  reduce 53
	IGUAL  reduce 53
	DO  reduce 53
	THEN  reduce 53
	AND  reduce 53
	OR  reduce 53
	DISTINTO  reduce 53
	'='  reduce 53
	'>'  reduce 53
	'<'  reduce 53
	']'  reduce 53
	')'  reduce 53
	';'  reduce 53
	','  reduce 53

	listaDimensionesAcceso  goto 109


state 129
	sentencia : expresion '=' expresion . ';'  (31)
	expresion : expresion . '+' expresion  (43)
	expresion : expresion . '-' expresion  (44)
	expresion : expresion . '*' expresion  (45)
	expresion : expresion . '/' expresion  (46)
	expresion : expresion . '>' expresion  (47)
	expresion : expresion . '<' expresion  (48)
	expresion : expresion . MAYORIGUAL expresion  (49)
	expresion : expresion . MENORIGUAL expresion  (50)
	expresion : expresion . AND expresion  (51)
	expresion : expresion . OR expresion  (52)
	expresion : expresion . DISTINTO expresion  (53)
	expresion : expresion . IGUAL expresion  (54)
	expresion : expresion . listaDimensionesAcceso  (55)
	expresion : expresion . '.' IDENT  (56)

	MAYORIGUAL  shift 94
	MENORIGUAL  shift 95
	IGUAL  shift 96
	AND  shift 97
	OR  shift 98
	DISTINTO  shift 99
	'>'  shift 101
	'<'  shift 102
	'+'  shift 103
	'-'  shift 104
	'*'  shift 105
	'/'  shift 106
	'['  shift 107
	'.'  shift 108
	';'  shift 146
	.  error

	listaDimensionesAcceso  goto 109


state 130
	expresion : expresion . '+' expresion  (43)
	expresion : expresion . '-' expresion  (44)
	expresion : expresion . '*' expresion  (45)
	expresion : expresion . '/' expresion  (46)
	expresion : expresion . '>' expresion  (47)
	expresion : expresion '>' expresion .  (47)
	expresion : expresion . '<' expresion  (48)
	expresion : expresion . MAYORIGUAL expresion  (49)
	expresion : expresion . MENORIGUAL expresion  (50)
	expresion : expresion . AND expresion  (51)
	expresion : expresion . OR expresion  (52)
	expresion : expresion . DISTINTO expresion  (53)
	expresion : expresion . IGUAL expresion  (54)
	expresion : expresion . listaDimensionesAcceso  (55)
	expresion : expresion . '.' IDENT  (56)

	'+'  shift 103
	'-'  shift 104
	'*'  shift 105
	'/'  shift 106
	'['  shift 107
	'.'  shift 108
	MAYORIGUAL  reduce 47
	MENORIGUAL  reduce 47
	IGUAL  reduce 47
	DO  reduce 47
	THEN  reduce 47
	AND  reduce 47
	OR  reduce 47
	DISTINTO  reduce 47
	'='  reduce 47
	'>'  reduce 47
	'<'  reduce 47
	']'  reduce 47
	')'  reduce 47
	';'  reduce 47
	','  reduce 47

	listaDimensionesAcceso  goto 109


state 131
	expresion : expresion . '+' expresion  (43)
	expresion : expresion . '-' expresion  (44)
	expresion : expresion . '*' expresion  (45)
	expresion : expresion . '/' expresion  (46)
	expresion : expresion . '>' expresion  (47)
	expresion : expresion . '<' expresion  (48)
	expresion : expresion '<' expresion .  (48)
	expresion : expresion . MAYORIGUAL expresion  (49)
	expresion : expresion . MENORIGUAL expresion  (50)
	expresion : expresion . AND expresion  (51)
	expresion : expresion . OR expresion  (52)
	expresion : expresion . DISTINTO expresion  (53)
	expresion : expresion . IGUAL expresion  (54)
	expresion : expresion . listaDimensionesAcceso  (55)
	expresion : expresion . '.' IDENT  (56)

	'+'  shift 103
	'-'  shift 104
	'*'  shift 105
	'/'  shift 106
	'['  shift 107
	'.'  shift 108
	MAYORIGUAL  reduce 48
	MENORIGUAL  reduce 48
	IGUAL  reduce 48
	DO  reduce 48
	THEN  reduce 48
	AND  reduce 48
	OR  reduce 48
	DISTINTO  reduce 48
	'='  reduce 48
	'>'  reduce 48
	'<'  reduce 48
	']'  reduce 48
	')'  reduce 48
	';'  reduce 48
	','  reduce 48

	listaDimensionesAcceso  goto 109


state 132
	expresion : expresion . '+' expresion  (43)
	expresion : expresion '+' expresion .  (43)
	expresion : expresion . '-' expresion  (44)
	expresion : expresion . '*' expresion  (45)
	expresion : expresion . '/' expresion  (46)
	expresion : expresion . '>' expresion  (47)
	expresion : expresion . '<' expresion  (48)
	expresion : expresion . MAYORIGUAL expresion  (49)
	expresion : expresion . MENORIGUAL expresion  (50)
	expresion : expresion . AND expresion  (51)
	expresion : expresion . OR expresion  (52)
	expresion : expresion . DISTINTO expresion  (53)
	expresion : expresion . IGUAL expresion  (54)
	expresion : expresion . listaDimensionesAcceso  (55)
	expresion : expresion . '.' IDENT  (56)

	'*'  shift 105
	'/'  shift 106
	'['  shift 107
	'.'  shift 108
	MAYORIGUAL  reduce 43
	MENORIGUAL  reduce 43
	IGUAL  reduce 43
	DO  reduce 43
	THEN  reduce 43
	AND  reduce 43
	OR  reduce 43
	DISTINTO  reduce 43
	'='  reduce 43
	'>'  reduce 43
	'<'  reduce 43
	'+'  reduce 43
	'-'  reduce 43
	']'  reduce 43
	')'  reduce 43
	';'  reduce 43
	','  reduce 43

	listaDimensionesAcceso  goto 109


state 133
	expresion : expresion . '+' expresion  (43)
	expresion : expresion . '-' expresion  (44)
	expresion : expresion '-' expresion .  (44)
	expresion : expresion . '*' expresion  (45)
	expresion : expresion . '/' expresion  (46)
	expresion : expresion . '>' expresion  (47)
	expresion : expresion . '<' expresion  (48)
	expresion : expresion . MAYORIGUAL expresion  (49)
	expresion : expresion . MENORIGUAL expresion  (50)
	expresion : expresion . AND expresion  (51)
	expresion : expresion . OR expresion  (52)
	expresion : expresion . DISTINTO expresion  (53)
	expresion : expresion . IGUAL expresion  (54)
	expresion : expresion . listaDimensionesAcceso  (55)
	expresion : expresion . '.' IDENT  (56)

	'*'  shift 105
	'/'  shift 106
	'['  shift 107
	'.'  shift 108
	MAYORIGUAL  reduce 44
	MENORIGUAL  reduce 44
	IGUAL  reduce 44
	DO  reduce 44
	THEN  reduce 44
	AND  reduce 44
	OR  reduce 44
	DISTINTO  reduce 44
	'='  reduce 44
	'>'  reduce 44
	'<'  reduce 44
	'+'  reduce 44
	'-'  reduce 44
	']'  reduce 44
	')'  reduce 44
	';'  reduce 44
	','  reduce 44

	listaDimensionesAcceso  goto 109


state 134
	expresion : expresion . '+' expresion  (43)
	expresion : expresion . '-' expresion  (44)
	expresion : expresion . '*' expresion  (45)
	expresion : expresion '*' expresion .  (45)
	expresion : expresion . '/' expresion  (46)
	expresion : expresion . '>' expresion  (47)
	expresion : expresion . '<' expresion  (48)
	expresion : expresion . MAYORIGUAL expresion  (49)
	expresion : expresion . MENORIGUAL expresion  (50)
	expresion : expresion . AND expresion  (51)
	expresion : expresion . OR expresion  (52)
	expresion : expresion . DISTINTO expresion  (53)
	expresion : expresion . IGUAL expresion  (54)
	expresion : expresion . listaDimensionesAcceso  (55)
	expresion : expresion . '.' IDENT  (56)

	'['  shift 107
	'.'  shift 108
	MAYORIGUAL  reduce 45
	MENORIGUAL  reduce 45
	IGUAL  reduce 45
	DO  reduce 45
	THEN  reduce 45
	AND  reduce 45
	OR  reduce 45
	DISTINTO  reduce 45
	'='  reduce 45
	'>'  reduce 45
	'<'  reduce 45
	'+'  reduce 45
	'-'  reduce 45
	'*'  reduce 45
	'/'  reduce 45
	']'  reduce 45
	')'  reduce 45
	';'  reduce 45
	','  reduce 45

	listaDimensionesAcceso  goto 109


state 135
	expresion : expresion . '+' expresion  (43)
	expresion : expresion . '-' expresion  (44)
	expresion : expresion . '*' expresion  (45)
	expresion : expresion . '/' expresion  (46)
	expresion : expresion '/' expresion .  (46)
	expresion : expresion . '>' expresion  (47)
	expresion : expresion . '<' expresion  (48)
	expresion : expresion . MAYORIGUAL expresion  (49)
	expresion : expresion . MENORIGUAL expresion  (50)
	expresion : expresion . AND expresion  (51)
	expresion : expresion . OR expresion  (52)
	expresion : expresion . DISTINTO expresion  (53)
	expresion : expresion . IGUAL expresion  (54)
	expresion : expresion . listaDimensionesAcceso  (55)
	expresion : expresion . '.' IDENT  (56)

	'['  shift 107
	'.'  shift 108
	MAYORIGUAL  reduce 46
	MENORIGUAL  reduce 46
	IGUAL  reduce 46
	DO  reduce 46
	THEN  reduce 46
	AND  reduce 46
	OR  reduce 46
	DISTINTO  reduce 46
	'='  reduce 46
	'>'  reduce 46
	'<'  reduce 46
	'+'  reduce 46
	'-'  reduce 46
	'*'  reduce 46
	'/'  reduce 46
	']'  reduce 46
	')'  reduce 46
	';'  reduce 46
	','  reduce 46

	listaDimensionesAcceso  goto 109


state 136
	expresion : expresion . '+' expresion  (43)
	expresion : expresion . '-' expresion  (44)
	expresion : expresion . '*' expresion  (45)
	expresion : expresion . '/' expresion  (46)
	expresion : expresion . '>' expresion  (47)
	expresion : expresion . '<' expresion  (48)
	expresion : expresion . MAYORIGUAL expresion  (49)
	expresion : expresion . MENORIGUAL expresion  (50)
	expresion : expresion . AND expresion  (51)
	expresion : expresion . OR expresion  (52)
	expresion : expresion . DISTINTO expresion  (53)
	expresion : expresion . IGUAL expresion  (54)
	expresion : expresion . listaDimensionesAcceso  (55)
	expresion : expresion . '.' IDENT  (56)
	listaDimensionesAcceso : '[' expresion . ']'  (62)

	MAYORIGUAL  shift 94
	MENORIGUAL  shift 95
	IGUAL  shift 96
	AND  shift 97
	OR  shift 98
	DISTINTO  shift 99
	'>'  shift 101
	'<'  shift 102
	'+'  shift 103
	'-'  shift 104
	'*'  shift 105
	'/'  shift 106
	'['  shift 107
	']'  shift 147
	'.'  shift 108
	.  error

	listaDimensionesAcceso  goto 109


state 137
	expresion : expresion '.' IDENT .  (56)

	.  reduce 56


state 138
	listaDimensionesAcceso : listaDimensionesAcceso '[' . expresion ']'  (63)

	CTE_ENTERA  shift 65
	CTE_REAL  shift 66
	CTE_CHAR  shift 67
	IDENT  shift 83
	NOT  shift 75
	CTYPE  shift 76
	'('  shift 77
	.  error

	expresion  goto 148


state 139
	declaracionFuncion : FUNCTION IDENT '(' parametrosFuncion ')' AS tipo listaDeclaracionesVariable listaSentencias END FUNCTION . ';'  (8)

	';'  shift 149
	.  error


state 140
	sentencia : IDENT '(' parametrosLlamada ')' . ';'  (29)
	expresion : IDENT '(' parametrosLlamada ')' .  (58)

	';'  shift 150
	MAYORIGUAL  reduce 58
	MENORIGUAL  reduce 58
	IGUAL  reduce 58
	AND  reduce 58
	OR  reduce 58
	DISTINTO  reduce 58
	'='  reduce 58
	'>'  reduce 58
	'<'  reduce 58
	'+'  reduce 58
	'-'  reduce 58
	'*'  reduce 58
	'/'  reduce 58
	'['  reduce 58
	'.'  reduce 58


state 141
	parametroLlamada : parametroLlamada ',' . expresion  (35)

	CTE_ENTERA  shift 65
	CTE_REAL  shift 66
	CTE_CHAR  shift 67
	IDENT  shift 83
	NOT  shift 75
	CTYPE  shift 76
	'('  shift 77
	.  error

	expresion  goto 151


state 142
	expresion : IDENT '(' parametrosLlamada . ')'  (58)

	')'  shift 152
	.  error


state 143
	listaSentencias : listaSentencias . sentencia  (22)
	sentencia : IF expresion THEN listaSentencias . ELSE listaSentencias END IF ';'  (25)
	sentencia : IF expresion THEN listaSentencias . END IF ';'  (26)

	CTE_ENTERA  shift 65
	CTE_REAL  shift 66
	CTE_CHAR  shift 67
	IDENT  shift 68
	PRINT  shift 69
	IF  shift 70
	ELSE  shift 153
	WHILE  shift 71
	RETURN  shift 72
	END  shift 154
	READ  shift 74
	NOT  shift 75
	CTYPE  shift 76
	'('  shift 77
	.  error

	sentencia  goto 78
	expresion  goto 79


state 144
	listaSentencias : listaSentencias . sentencia  (22)
	sentencia : WHILE expresion DO listaSentencias . END WHILE ';'  (24)

	CTE_ENTERA  shift 65
	CTE_REAL  shift 66
	CTE_CHAR  shift 67
	IDENT  shift 68
	PRINT  shift 69
	IF  shift 70
	WHILE  shift 71
	RETURN  shift 72
	END  shift 155
	READ  shift 74
	NOT  shift 75
	CTYPE  shift 76
	'('  shift 77
	.  error

	sentencia  goto 78
	expresion  goto 79


state 145
	expresion : CTYPE '(' tipo ',' . expresion ')'  (59)

	CTE_ENTERA  shift 65
	CTE_REAL  shift 66
	CTE_CHAR  shift 67
	IDENT  shift 83
	NOT  shift 75
	CTYPE  shift 76
	'('  shift 77
	.  error

	expresion  goto 156


state 146
	sentencia : expresion '=' expresion ';' .  (31)

	.  reduce 31


state 147
	listaDimensionesAcceso : '[' expresion ']' .  (62)

	.  reduce 62


state 148
	expresion : expresion . '+' expresion  (43)
	expresion : expresion . '-' expresion  (44)
	expresion : expresion . '*' expresion  (45)
	expresion : expresion . '/' expresion  (46)
	expresion : expresion . '>' expresion  (47)
	expresion : expresion . '<' expresion  (48)
	expresion : expresion . MAYORIGUAL expresion  (49)
	expresion : expresion . MENORIGUAL expresion  (50)
	expresion : expresion . AND expresion  (51)
	expresion : expresion . OR expresion  (52)
	expresion : expresion . DISTINTO expresion  (53)
	expresion : expresion . IGUAL expresion  (54)
	expresion : expresion . listaDimensionesAcceso  (55)
	expresion : expresion . '.' IDENT  (56)
	listaDimensionesAcceso : listaDimensionesAcceso '[' expresion . ']'  (63)

	MAYORIGUAL  shift 94
	MENORIGUAL  shift 95
	IGUAL  shift 96
	AND  shift 97
	OR  shift 98
	DISTINTO  shift 99
	'>'  shift 101
	'<'  shift 102
	'+'  shift 103
	'-'  shift 104
	'*'  shift 105
	'/'  shift 106
	'['  shift 107
	']'  shift 157
	'.'  shift 108
	.  error

	listaDimensionesAcceso  goto 109


state 149
	declaracionFuncion : FUNCTION IDENT '(' parametrosFuncion ')' AS tipo listaDeclaracionesVariable listaSentencias END FUNCTION ';' .  (8)

	.  reduce 8


state 150
	sentencia : IDENT '(' parametrosLlamada ')' ';' .  (29)

	.  reduce 29


state 151
	parametroLlamada : parametroLlamada ',' expresion .  (35)
	expresion : expresion . '+' expresion  (43)
	expresion : expresion . '-' expresion  (44)
	expresion : expresion . '*' expresion  (45)
	expresion : expresion . '/' expresion  (46)
	expresion : expresion . '>' expresion  (47)
	expresion : expresion . '<' expresion  (48)
	expresion : expresion . MAYORIGUAL expresion  (49)
	expresion : expresion . MENORIGUAL expresion  (50)
	expresion : expresion . AND expresion  (51)
	expresion : expresion . OR expresion  (52)
	expresion : expresion . DISTINTO expresion  (53)
	expresion : expresion . IGUAL expresion  (54)
	expresion : expresion . listaDimensionesAcceso  (55)
	expresion : expresion . '.' IDENT  (56)

	MAYORIGUAL  shift 94
	MENORIGUAL  shift 95
	IGUAL  shift 96
	AND  shift 97
	OR  shift 98
	DISTINTO  shift 99
	'>'  shift 101
	'<'  shift 102
	'+'  shift 103
	'-'  shift 104
	'*'  shift 105
	'/'  shift 106
	'['  shift 107
	'.'  shift 108
	')'  reduce 35
	','  reduce 35

	listaDimensionesAcceso  goto 109


state 152
	expresion : IDENT '(' parametrosLlamada ')' .  (58)

	.  reduce 58


state 153
	sentencia : IF expresion THEN listaSentencias ELSE . listaSentencias END IF ';'  (25)
	listaSentencias : .  (21)

	.  reduce 21

	listaSentencias  goto 158


state 154
	sentencia : IF expresion THEN listaSentencias END . IF ';'  (26)

	IF  shift 159
	.  error


state 155
	sentencia : WHILE expresion DO listaSentencias END . WHILE ';'  (24)

	WHILE  shift 160
	.  error


state 156
	expresion : expresion . '+' expresion  (43)
	expresion : expresion . '-' expresion  (44)
	expresion : expresion . '*' expresion  (45)
	expresion : expresion . '/' expresion  (46)
	expresion : expresion . '>' expresion  (47)
	expresion : expresion . '<' expresion  (48)
	expresion : expresion . MAYORIGUAL expresion  (49)
	expresion : expresion . MENORIGUAL expresion  (50)
	expresion : expresion . AND expresion  (51)
	expresion : expresion . OR expresion  (52)
	expresion : expresion . DISTINTO expresion  (53)
	expresion : expresion . IGUAL expresion  (54)
	expresion : expresion . listaDimensionesAcceso  (55)
	expresion : expresion . '.' IDENT  (56)
	expresion : CTYPE '(' tipo ',' expresion . ')'  (59)

	MAYORIGUAL  shift 94
	MENORIGUAL  shift 95
	IGUAL  shift 96
	AND  shift 97
	OR  shift 98
	DISTINTO  shift 99
	'>'  shift 101
	'<'  shift 102
	'+'  shift 103
	'-'  shift 104
	'*'  shift 105
	'/'  shift 106
	'['  shift 107
	')'  shift 161
	'.'  shift 108
	.  error

	listaDimensionesAcceso  goto 109


state 157
	listaDimensionesAcceso : listaDimensionesAcceso '[' expresion ']' .  (63)

	.  reduce 63


state 158
	listaSentencias : listaSentencias . sentencia  (22)
	sentencia : IF expresion THEN listaSentencias ELSE listaSentencias . END IF ';'  (25)

	CTE_ENTERA  shift 65
	CTE_REAL  shift 66
	CTE_CHAR  shift 67
	IDENT  shift 68
	PRINT  shift 69
	IF  shift 70
	WHILE  shift 71
	RETURN  shift 72
	END  shift 162
	READ  shift 74
	NOT  shift 75
	CTYPE  shift 76
	'('  shift 77
	.  error

	sentencia  goto 78
	expresion  goto 79


state 159
	sentencia : IF expresion THEN listaSentencias END IF . ';'  (26)

	';'  shift 163
	.  error


state 160
	sentencia : WHILE expresion DO listaSentencias END WHILE . ';'  (24)

	';'  shift 164
	.  error


state 161
	expresion : CTYPE '(' tipo ',' expresion ')' .  (59)

	.  reduce 59


state 162
	sentencia : IF expresion THEN listaSentencias ELSE listaSentencias END . IF ';'  (25)

	IF  shift 165
	.  error


state 163
	sentencia : IF expresion THEN listaSentencias END IF ';' .  (26)

	.  reduce 26


state 164
	sentencia : WHILE expresion DO listaSentencias END WHILE ';' .  (24)

	.  reduce 24


state 165
	sentencia : IF expresion THEN listaSentencias ELSE listaSentencias END IF . ';'  (25)

	';'  shift 166
	.  error


state 166
	sentencia : IF expresion THEN listaSentencias ELSE listaSentencias END IF ';' .  (25)

	.  reduce 25


48 terminals, 21 nonterminals
68 grammar rules, 167 states
